<?xml version="1.0" encoding="UTF-8"?>
<!-- Generated by org.testng.reporters.JUnitReportReporter -->
<testsuite hostname="MONO" failures="0" tests="1" name="Com.DemoWebShop.TestScripts.TC_002_Verify_User_is_able_to_delete_address_or_not2" time="11.254" errors="0" timestamp="2026-04-08T19:50:58 IST" skipped="0">
  <testcase classname="Com.DemoWebShop.TestScripts.TC_002_Verify_User_is_able_to_delete_address_or_not2" name="deleteAddress" time="11.254"/>
</testsuite> <!-- Com.DemoWebShop.TestScripts.TC_002_Verify_User_is_able_to_delete_address_or_not2 -->
