<?xml version="1.0" encoding="UTF-8"?>
<!-- Generated by org.testng.reporters.JUnitReportReporter -->
<testsuite hostname="MONO" failures="0" tests="1" name="Com.DemoWebShop.TestScripts.TC_001_Verify_User_is_able_to_add_address_or_not" time="13.769" errors="0" timestamp="2026-04-07T20:28:27 IST" skipped="0">
  <testcase classname="Com.DemoWebShop.TestScripts.TC_001_Verify_User_is_able_to_add_address_or_not" name="addAddress" time="13.769"/>
</testsuite> <!-- Com.DemoWebShop.TestScripts.TC_001_Verify_User_is_able_to_add_address_or_not -->
