<?xml version="1.0" encoding="UTF-8"?>
<testng-results ignored="0" total="1" passed="1" failed="0" skipped="0">
  <reporter-output>
  </reporter-output>
  <suite started-at="2026-04-08T19:50:36 IST" name="Default suite" finished-at="2026-04-08T19:50:58 IST" duration-ms="22154">
    <groups>
    </groups>
    <test started-at="2026-04-08T19:50:36 IST" name="Default test" finished-at="2026-04-08T19:50:58 IST" duration-ms="22154">
      <class name="Com.DemoWebShop.TestScripts.TC_002_Verify_User_is_able_to_delete_address_or_not2">
        <test-method is-config="true" signature="bs()[pri:0, instance:Com.DemoWebShop.TestScripts.TC_002_Verify_User_is_able_to_delete_address_or_not2@1018bde2]" started-at="2026-04-08T19:50:36 IST" name="bs" finished-at="2026-04-08T19:50:36 IST" duration-ms="20" status="PASS">
          <reporter-output>
          </reporter-output>
        </test-method> <!-- bs -->
        <test-method is-config="true" signature="bt()[pri:0, instance:Com.DemoWebShop.TestScripts.TC_002_Verify_User_is_able_to_delete_address_or_not2@1018bde2]" started-at="2026-04-08T19:50:36 IST" name="bt" finished-at="2026-04-08T19:50:37 IST" duration-ms="404" status="PASS">
          <reporter-output>
          </reporter-output>
        </test-method> <!-- bt -->
        <test-method is-config="true" signature="bc()[pri:0, instance:Com.DemoWebShop.TestScripts.TC_002_Verify_User_is_able_to_delete_address_or_not2@1018bde2]" started-at="2026-04-08T19:50:37 IST" name="bc" finished-at="2026-04-08T19:50:43 IST" duration-ms="5974" status="PASS">
          <reporter-output>
          </reporter-output>
        </test-method> <!-- bc -->
        <test-method is-config="true" signature="bm()[pri:0, instance:Com.DemoWebShop.TestScripts.TC_002_Verify_User_is_able_to_delete_address_or_not2@1018bde2]" started-at="2026-04-08T19:50:43 IST" name="bm" finished-at="2026-04-08T19:50:44 IST" duration-ms="1882" status="PASS">
          <reporter-output>
          </reporter-output>
        </test-method> <!-- bm -->
        <test-method signature="deleteAddress()[pri:0, instance:Com.DemoWebShop.TestScripts.TC_002_Verify_User_is_able_to_delete_address_or_not2@1018bde2]" started-at="2026-04-08T19:50:44 IST" name="deleteAddress" finished-at="2026-04-08T19:50:53 IST" duration-ms="8322" status="PASS">
          <reporter-output>
          </reporter-output>
        </test-method> <!-- deleteAddress -->
        <test-method is-config="true" signature="am()[pri:0, instance:Com.DemoWebShop.TestScripts.TC_002_Verify_User_is_able_to_delete_address_or_not2@1018bde2]" started-at="2026-04-08T19:50:53 IST" name="am" finished-at="2026-04-08T19:50:54 IST" duration-ms="1050" status="PASS">
          <reporter-output>
          </reporter-output>
        </test-method> <!-- am -->
        <test-method is-config="true" signature="ac()[pri:0, instance:Com.DemoWebShop.TestScripts.TC_002_Verify_User_is_able_to_delete_address_or_not2@1018bde2]" started-at="2026-04-08T19:50:54 IST" name="ac" finished-at="2026-04-08T19:50:58 IST" duration-ms="3964" status="PASS">
          <reporter-output>
          </reporter-output>
        </test-method> <!-- ac -->
        <test-method is-config="true" signature="at()[pri:0, instance:Com.DemoWebShop.TestScripts.TC_002_Verify_User_is_able_to_delete_address_or_not2@1018bde2]" started-at="2026-04-08T19:50:58 IST" name="at" finished-at="2026-04-08T19:50:58 IST" duration-ms="472" status="PASS">
          <reporter-output>
          </reporter-output>
        </test-method> <!-- at -->
        <test-method is-config="true" signature="as()[pri:0, instance:Com.DemoWebShop.TestScripts.TC_002_Verify_User_is_able_to_delete_address_or_not2@1018bde2]" started-at="2026-04-08T19:50:58 IST" name="as" finished-at="2026-04-08T19:50:58 IST" duration-ms="1" status="PASS">
          <reporter-output>
          </reporter-output>
        </test-method> <!-- as -->
      </class> <!-- Com.DemoWebShop.TestScripts.TC_002_Verify_User_is_able_to_delete_address_or_not2 -->
    </test> <!-- Default test -->
  </suite> <!-- Default suite -->
</testng-results>
